<?xml version="1.0" encoding="UTF-8"?>
<!-- Generated by org.testng.reporters.JUnitXMLReporter -->
<testsuite ignored="0" hostname="SAINATH" failures="0" tests="4" name="samll Veicles" time="0.146" errors="0" timestamp="2020-03-19T22:39:36 IST">
  <testcase classname="TestNGAnnotationClassTest.testNGCar" name="carEngine" time="0.016"/>
  <testcase classname="TestNGAnnotationClassTest.testNGCar" name="carTyre" time="0.008"/>
  <testcase classname="TestNGAnnotationClassTest.testNGBike" name="bikeTyre" time="0.008"/>
  <testcase classname="TestNGAnnotationClassTest.testNGBike" name="bikeEngine" time="0.008"/>
</testsuite> <!-- samll Veicles -->
