<?xml version="1.0" encoding="UTF-8"?>
<!-- Generated by org.testng.reporters.JUnitXMLReporter -->
<testsuite ignored="0" hostname="SAINATH" failures="0" tests="5" name="Small Veicles" time="0.153" errors="0" timestamp="2020-03-19T22:05:46 IST">
  <testcase classname="TestNGAnnotationClassTest.testNGBase" name="baseTest" time="0.01"/>
  <testcase classname="TestNGAnnotationClassTest.testNGCar" name="carEngine" time="0.009"/>
  <testcase classname="TestNGAnnotationClassTest.testNGCar" name="carTyre" time="0.006"/>
  <testcase classname="TestNGAnnotationClassTest.testNGBike" name="bikeTyre" time="0.003"/>
  <testcase classname="TestNGAnnotationClassTest.testNGBike" name="bikeEngine" time="0.004"/>
</testsuite> <!-- Small Veicles -->
