<?xml version="1.0" encoding="UTF-8"?>
<testng-results ignored="0" total="6" passed="6" failed="0" skipped="0">
  <reporter-output>
  </reporter-output>
  <suite started-at="2020-03-19T22:39:36 IST" name="Suite" finished-at="2020-03-19T22:39:36 IST" duration-ms="272">
    <groups>
      <group name="Tyre">
        <method signature="testNGBike.bikeTyre()[pri:0, instance:TestNGAnnotationClassTest.testNGBike@13c10b87]" name="bikeTyre" class="TestNGAnnotationClassTest.testNGBike"/>
        <method signature="testNGCar.carTyre()[pri:0, instance:TestNGAnnotationClassTest.testNGCar@22635ba0]" name="carTyre" class="TestNGAnnotationClassTest.testNGCar"/>
        <method signature="testNGTruck.truckTyre()[pri:0, instance:TestNGAnnotationClassTest.testNGTruck@4278a03f]" name="truckTyre" class="TestNGAnnotationClassTest.testNGTruck"/>
      </group> <!-- Tyre -->
    </groups>
    <test started-at="2020-03-19T22:39:36 IST" name="samll Veicles" finished-at="2020-03-19T22:39:36 IST" duration-ms="146">
      <class name="TestNGAnnotationClassTest.testNGCar">
        <test-method signature="carEngine()[pri:0, instance:TestNGAnnotationClassTest.testNGCar@22635ba0]" started-at="2020-03-19T22:39:36 IST" name="carEngine" finished-at="2020-03-19T22:39:36 IST" duration-ms="16" status="PASS">
          <reporter-output>
          </reporter-output>
        </test-method> <!-- carEngine -->
        <test-method signature="carTyre()[pri:0, instance:TestNGAnnotationClassTest.testNGCar@22635ba0]" started-at="2020-03-19T22:39:36 IST" name="carTyre" finished-at="2020-03-19T22:39:36 IST" duration-ms="8" status="PASS">
          <reporter-output>
          </reporter-output>
        </test-method> <!-- carTyre -->
      </class> <!-- TestNGAnnotationClassTest.testNGCar -->
      <class name="TestNGAnnotationClassTest.testNGBike">
        <test-method signature="bikeTyre()[pri:0, instance:TestNGAnnotationClassTest.testNGBike@13c10b87]" started-at="2020-03-19T22:39:36 IST" name="bikeTyre" finished-at="2020-03-19T22:39:36 IST" duration-ms="8" status="PASS">
          <reporter-output>
          </reporter-output>
        </test-method> <!-- bikeTyre -->
        <test-method signature="bikeEngine()[pri:0, instance:TestNGAnnotationClassTest.testNGBike@13c10b87]" started-at="2020-03-19T22:39:36 IST" name="bikeEngine" finished-at="2020-03-19T22:39:36 IST" depends-on-methods="TestNGAnnotationClassTest.testNGBike.bikeTyre" duration-ms="8" status="PASS">
          <reporter-output>
          </reporter-output>
        </test-method> <!-- bikeEngine -->
      </class> <!-- TestNGAnnotationClassTest.testNGBike -->
    </test> <!-- samll Veicles -->
    <test started-at="2020-03-19T22:39:36 IST" name="large Veicles" finished-at="2020-03-19T22:39:36 IST" duration-ms="14">
      <class name="TestNGAnnotationClassTest.testNGTruck">
        <test-method signature="truckEngine()[pri:0, instance:TestNGAnnotationClassTest.testNGTruck@4278a03f]" started-at="2020-03-19T22:39:36 IST" name="truckEngine" finished-at="2020-03-19T22:39:36 IST" duration-ms="6" status="PASS">
          <reporter-output>
          </reporter-output>
        </test-method> <!-- truckEngine -->
        <test-method signature="truckTyre()[pri:0, instance:TestNGAnnotationClassTest.testNGTruck@4278a03f]" started-at="2020-03-19T22:39:36 IST" name="truckTyre" finished-at="2020-03-19T22:39:36 IST" duration-ms="2" status="PASS">
          <reporter-output>
          </reporter-output>
        </test-method> <!-- truckTyre -->
      </class> <!-- TestNGAnnotationClassTest.testNGTruck -->
    </test> <!-- large Veicles -->
  </suite> <!-- Suite -->
</testng-results>
